📦 Dance4ever — Exportación Diaria [2026-05-30]
📁 Carpeta de salida: /home/xxx/dance4ever/exports

🔍 Cargando evento...
   Evento: Cancún Nacionales (2026-06-27)
📋 Cargando registros...
   46 registros | 45 confirmados
   488 bailarines | 89 coreografías

📊 Generando Excel...
   ✅ Excel: /home/xxx/dance4ever/exports/dance4ever-cancun-nacionales-2026-05-30.xlsx
📄 Generando JSON...
   ✅ JSON: /home/xxx/dance4ever/exports/dance4ever-cancun-nacionales-2026-05-30.json

─────────────────────────────────────────
✅ Exportación completada: 2026-05-30
   Registros  : 46 (45 confirmados)
   Bailarines : 488
   Coreografías: 89
   Ingresos   : $1,880,300 MXN
   Cobrado    : $189,800 MXN
   Por cobrar : $1,690,500 MXN
─────────────────────────────────────────
📦 Dance4ever — Exportación Diaria [2026-05-30]
📁 Carpeta de salida: /home/xxx/dance4ever/exports

🔍 Cargando evento...
   Evento: Cancún Nacionales (2026-06-27)
📋 Cargando registros...
   46 registros | 45 confirmados
   488 bailarines | 89 coreografías

📊 Generando Excel...
   ✅ Excel: /home/xxx/dance4ever/exports/dance4ever-cancun-nacionales-2026-05-30.xlsx
📄 Generando JSON...
   ✅ JSON: /home/xxx/dance4ever/exports/dance4ever-cancun-nacionales-2026-05-30.json

─────────────────────────────────────────
✅ Exportación completada: 2026-05-30
   Registros  : 46 (45 confirmados)
   Bailarines : 488
   Coreografías: 89
   Ingresos   : $1,880,300 MXN
   Cobrado    : $189,800 MXN
   Por cobrar : $1,690,500 MXN
─────────────────────────────────────────
